<?xml version="1.0" encoding="UTF-8"?>
<!-- Generated by org.testng.reporters.JUnitReportReporter -->
<testsuite hostname="LAPTOP-36U7UJD1" failures="0" tests="1" name="Acedemy.Project.ValidateTest" time="50.079" errors="0" timestamp="2021-01-07T10:15:03 IST" skipped="0">
  <testcase classname="Acedemy.Project.ValidateTest" name="basePageNavigation" time="50.079"/>
  <system-out/>
</testsuite> <!-- Acedemy.Project.ValidateTest -->
