<?xml version="1.0" encoding="UTF-8"?>
<!-- Generated by org.testng.reporters.JUnitReportReporter -->
<testsuite hostname="LAPTOP-36U7UJD1" failures="0" tests="2" name="Acedemy.Project.CheckTest" time="0.013" errors="0" timestamp="2021-01-07T08:27:58 IST" skipped="0">
  <testcase classname="Acedemy.Project.CheckTest" name="mains" time="0.006"/>
  <system-out/>
  <testcase classname="Acedemy.Project.CheckTest" name="init" time="0.007"/>
  <system-out/>
</testsuite> <!-- Acedemy.Project.CheckTest -->
