<?xml version="1.0" encoding="UTF-8"?>
<!-- Generated by org.testng.reporters.JUnitReportReporter -->
<testsuite hostname="LAPTOP-36U7UJD1" failures="0" tests="2" name="Acedemy.Project.HomePageTest" time="61.619" errors="0" timestamp="2021-01-07T10:19:20 IST" skipped="0">
  <testcase classname="Acedemy.Project.HomePageTest" name="basePageNavigation" time="10.912"/>
  <system-out/>
  <testcase classname="Acedemy.Project.HomePageTest" name="basePageNavigation" time="50.707"/>
  <system-out/>
</testsuite> <!-- Acedemy.Project.HomePageTest -->
