<?xml version="1.0" encoding="UTF-8"?>
<!-- Generated by org.testng.reporters.JUnitReportReporter -->
<testsuite skipped="0" hostname="LAPTOP-36U7UJD1" name="Acedemy.Project.CheckTest" tests="2" failures="0" timestamp="2021-01-07T10:51:42 IST" time="0.007" errors="0">
  <testcase name="mains" time="0.001" classname="Acedemy.Project.CheckTest"/>
  <system-out/>
  <testcase name="init" time="0.006" classname="Acedemy.Project.CheckTest"/>
  <system-out/>
</testsuite> <!-- Acedemy.Project.CheckTest -->
