<?xml version="1.0" encoding="UTF-8"?>
<!-- Generated by org.testng.reporters.JUnitReportReporter -->
<testsuite skipped="0" hostname="LAPTOP-36U7UJD1" name="Acedemy.Project.HomePageTest" tests="2" failures="0" timestamp="2021-01-07T10:55:50 IST" time="49.265" errors="0">
  <testcase name="basePageNavigation" time="40.591" classname="Acedemy.Project.HomePageTest"/>
  <system-out/>
  <testcase name="basePageNavigation" time="8.674" classname="Acedemy.Project.HomePageTest"/>
  <system-out/>
</testsuite> <!-- Acedemy.Project.HomePageTest -->
