<?xml version="1.0" encoding="UTF-8"?>
<!-- Generated by org.testng.reporters.JUnitReportReporter -->
<testsuite skipped="0" hostname="LAPTOP-36U7UJD1" name="Acedemy.Project.ValidateTest" tests="1" failures="0" timestamp="2021-01-07T10:55:50 IST" time="47.984" errors="0">
  <testcase name="basePageNavigation" time="47.984" classname="Acedemy.Project.ValidateTest"/>
  <system-out/>
</testsuite> <!-- Acedemy.Project.ValidateTest -->
